2018-02-13 14:46:39 -  - exec CUpdateClientPartner::SearchModulesEx
2018-02-13 14:46:39 -  - exec CUpdateClientPartner::__CollectRequestData
2018-02-13 14:46:39 -  - utf=Y&lang=ru&stable=Y&CANGZIP=Y&SUPD_DBS=MYSQL&XE=N&CLIENT_SITE=dizzy.arendalesov.com&LICENSE_KEY=X&SUPD_STS=1&SUPD_URS=0&SUPD_URSA=1&TYPENC=D&CLIENT_PHPVER=7.0.9&NGINX=Y&dbv=10.0.29&instm=main%2C17.5.7%2CY%3Bb24connector%2C17.0.1%2CN%3Btranslate%2C16.0.0%2CN%3Babtest%2C17.5.0%2CN%3Biblock%2C17.5.3%2CN%3Bsale%2C17.6.2%2CN%3Bcatalog%2C17.5.6%2CN%3Bfileman%2C17.5.6%2CN%3Bconversion%2C17.5.0%2CN%3Bclouds%2C17.0.2%2CN%3Bbitrixcloud%2C17.0.1%2CN%3Bform%2C17.0.1%2CN%3Beshopapp%2C16.5.0%2CN%3Bbitrix.eshop%2C16.5.4%2CN%3Breport%2C17.0.0%2CN%3Bcompression%2C16.0.0%2CN%3Bcurrency%2C17.5.0%2CN%3Bhighloadblock%2C17.0.2%2CN%3Bsocialservices%2C17.5.1%2CN%3Bvote%2C17.5.0%2CN%3Bscale%2C17.5.0%2CN%3Bperfmon%2C17.0.1%2CN%3Bphotogallery%2C17.0.2%2CN%3Bforum%2C17.5.1%2CN%3Bbitrix.sitecorporate%2C15.5.0%2CN%3Bsearch%2C17.0.1%2CN%3Bsender%2C17.1.4%2CN%3Bstoreassist%2C16.0.1%2CN%3Bseo%2C17.1.1%2CN%3Bmobileapp%2C17.5.0%2CN%3Bsubscribe%2C17.0.1%2CN%3Bpull%2C17.5.1%2CN%3Bsecurity%2C17.0.2%2CN%3Bblog%2C17.5.5%2CN&search_module_id=&search_module=&search_category=7%2C14&search_type=&search_order=DESC&search_order_by=SORT&search_page=1&SUPD_SRS=RU&SUPD_CMP=N
2018-02-13 14:46:39 -  - exec CUpdateClientPartner::GetHTTPPage
2018-02-13 14:46:40 -  - TIME SearchModulesEx(request) 1.291 sec
2018-02-13 14:46:40 -  - exec CUpdateClientPartner::ParseServerData
2018-02-13 14:46:50 -  - exec CUpdateClientPartner::LoadModulesUpdates
2018-02-13 14:46:50 -  - exec CUpdateClientPartner::__CollectRequestData
2018-02-13 14:46:50 -  - utf=Y&lang=ru&stable=Y&CANGZIP=Y&SUPD_DBS=MYSQL&XE=N&CLIENT_SITE=dizzy.arendalesov.com&LICENSE_KEY=X&SUPD_STS=1&SUPD_URS=0&SUPD_URSA=1&TYPENC=D&CLIENT_PHPVER=7.0.9&NGINX=Y&dbv=10.0.29&instm=main%2C17.5.7%2CY%3Bb24connector%2C17.0.1%2CN%3Btranslate%2C16.0.0%2CN%3Babtest%2C17.5.0%2CN%3Biblock%2C17.5.3%2CN%3Bsale%2C17.6.2%2CN%3Bcatalog%2C17.5.6%2CN%3Bfileman%2C17.5.6%2CN%3Bconversion%2C17.5.0%2CN%3Bclouds%2C17.0.2%2CN%3Bbitrixcloud%2C17.0.1%2CN%3Bform%2C17.0.1%2CN%3Beshopapp%2C16.5.0%2CN%3Bbitrix.eshop%2C16.5.4%2CN%3Breport%2C17.0.0%2CN%3Bcompression%2C16.0.0%2CN%3Bcurrency%2C17.5.0%2CN%3Bhighloadblock%2C17.0.2%2CN%3Bsocialservices%2C17.5.1%2CN%3Bvote%2C17.5.0%2CN%3Bscale%2C17.5.0%2CN%3Bperfmon%2C17.0.1%2CN%3Bphotogallery%2C17.0.2%2CN%3Bforum%2C17.5.1%2CN%3Bbitrix.sitecorporate%2C15.5.0%2CN%3Bsearch%2C17.0.1%2CN%3Bsender%2C17.1.4%2CN%3Bstoreassist%2C16.0.1%2CN%3Bseo%2C17.1.1%2CN%3Bmobileapp%2C17.5.0%2CN%3Bsubscribe%2C17.0.1%2CN%3Bpull%2C17.5.1%2CN%3Bsecurity%2C17.0.2%2CN%3Bblog%2C17.5.5%2CN&reqm=nsandrey.emptyinstall&lim=Y&SUPD_SRS=RU&SUPD_CMP=N
2018-02-13 14:46:50 -  - exec CUpdateClientPartner::GetHTTPPage
2018-02-13 14:46:50 -  - TIME LoadModulesUpdates(request) 0.286 sec
2018-02-13 14:46:50 -  - exec CUpdateClientPartner::ParseServerData
2018-02-13 14:46:50 - S - STEP
2018-02-13 14:46:50 - LM4W01 - loadModule4Wizard-Step
2018-02-13 14:46:50 -  - exec CUpdateClientPartner::LoadModulesUpdates
2018-02-13 14:46:50 -  - exec CUpdateClientPartner::ParseServerData
2018-02-13 14:46:50 -  - loadFile
2018-02-13 14:46:50 - U - RETURN
2018-02-13 14:46:50 -  - exec CUpdateClientPartner::UnGzipArchive
2018-02-13 14:46:50 -  - TIME UnGzipArchive 0.009 sec
2018-02-13 14:46:50 -  - TIME UpdateStepModules 0.02 sec
2018-02-13 14:46:51 -  - exec CUpdateClientPartner::LoadModulesUpdates
2018-02-13 14:46:51 -  - exec CUpdateClientPartner::__CollectRequestData
2018-02-13 14:46:51 -  - utf=Y&lang=ru&stable=Y&CANGZIP=Y&SUPD_DBS=MYSQL&XE=N&CLIENT_SITE=dizzy.arendalesov.com&LICENSE_KEY=X&SUPD_STS=1&SUPD_URS=0&SUPD_URSA=1&TYPENC=D&CLIENT_PHPVER=7.0.9&NGINX=Y&dbv=10.0.29&instm=main%2C17.5.7%2CY%3Bb24connector%2C17.0.1%2CN%3Btranslate%2C16.0.0%2CN%3Babtest%2C17.5.0%2CN%3Biblock%2C17.5.3%2CN%3Bsale%2C17.6.2%2CN%3Bcatalog%2C17.5.6%2CN%3Bfileman%2C17.5.6%2CN%3Bconversion%2C17.5.0%2CN%3Bclouds%2C17.0.2%2CN%3Bbitrixcloud%2C17.0.1%2CN%3Bform%2C17.0.1%2CN%3Beshopapp%2C16.5.0%2CN%3Bbitrix.eshop%2C16.5.4%2CN%3Breport%2C17.0.0%2CN%3Bcompression%2C16.0.0%2CN%3Bcurrency%2C17.5.0%2CN%3Bhighloadblock%2C17.0.2%2CN%3Bsocialservices%2C17.5.1%2CN%3Bvote%2C17.5.0%2CN%3Bscale%2C17.5.0%2CN%3Bperfmon%2C17.0.1%2CN%3Bphotogallery%2C17.0.2%2CN%3Bforum%2C17.5.1%2CN%3Bbitrix.sitecorporate%2C15.5.0%2CN%3Bnsandrey.emptyinstall%2C1.0.2%2CN%3Bsearch%2C17.0.1%2CN%3Bsender%2C17.1.4%2CN%3Bstoreassist%2C16.0.1%2CN%3Bseo%2C17.1.1%2CN%3Bmobileapp%2C17.5.0%2CN%3Bsubscribe%2C17.0.1%2CN%3Bpull%2C17.5.1%2CN%3Bsecurity%2C17.0.2%2CN%3Bblog%2C17.5.5%2CN&reqm=nsandrey.emptyinstall&lim=Y&SUPD_SRS=RU&SUPD_CMP=N
2018-02-13 14:46:51 -  - exec CUpdateClientPartner::GetHTTPPage
2018-02-13 14:46:51 -  - TIME LoadModulesUpdates(request) 0.279 sec
2018-02-13 14:46:51 -  - exec CUpdateClientPartner::ParseServerData
2018-02-13 14:46:51 - STEP - Finish - NOUPDATES
2018-02-13 14:46:51 - LM4W03 - Finish - NOUPDATES
